TN:
SF:src/diag.ts
FN:22,(anonymous_0)
FN:32,(anonymous_1)
FN:52,(anonymous_2)
FN:67,(anonymous_3)
FN:86,(anonymous_4)
FN:93,(anonymous_5)
FN:94,(anonymous_6)
FN:95,(anonymous_7)
FN:96,(anonymous_8)
FN:97,(anonymous_9)
FNF:10
FNH:10
FNDA:17,(anonymous_0)
FNDA:19,(anonymous_1)
FNDA:8,(anonymous_2)
FNDA:21,(anonymous_3)
FNDA:8,(anonymous_4)
FNDA:6,(anonymous_5)
FNDA:1,(anonymous_6)
FNDA:1,(anonymous_7)
FNDA:12,(anonymous_8)
FNDA:1,(anonymous_9)
DA:12,1
DA:22,17
DA:32,1
DA:33,19
DA:34,19
DA:52,1
DA:53,8
DA:54,4
DA:55,3
DA:56,3
DA:57,3
DA:58,1
DA:67,1
DA:68,21
DA:69,20
DA:70,20
DA:72,1
DA:86,1
DA:87,8
DA:90,8
DA:92,8
DA:93,6
DA:94,1
DA:95,1
DA:96,12
DA:97,1
DA:105,8
LF:27
LH:27
BRDA:34,0,0,15
BRDA:34,0,1,4
BRDA:34,1,0,19
BRDA:34,1,1,17
BRDA:53,2,0,4
BRDA:53,2,1,4
BRDA:54,3,0,1
BRDA:54,3,1,3
BRDA:55,4,0,0
BRDA:55,4,1,3
BRDA:56,5,0,0
BRDA:56,5,1,3
BRDA:57,6,0,2
BRDA:57,6,1,1
BRDA:68,7,0,20
BRDA:68,7,1,1
BRF:16
BRH:14
end_of_record
TN:
SF:src/logger.ts
FN:8,(anonymous_0)
FNF:1
FNH:1
FNDA:7,(anonymous_0)
DA:8,1
DA:9,7
LF:2
LH:2
BRDA:8,0,0,7
BRDA:10,1,0,7
BRDA:10,1,1,2
BRDA:10,1,2,1
BRDA:11,2,0,1
BRDA:11,2,1,6
BRF:6
BRH:6
end_of_record
