TN:
SF:src/chains/chat.chain.ts
FN:20,(anonymous_0)
FNF:1
FNH:1
FNDA:6,(anonymous_0)
DA:20,1
DA:21,6
DA:24,6
DA:28,6
DA:34,6
LF:5
LH:5
BRDA:24,0,0,1
BRDA:24,0,1,5
BRDA:24,1,0,6
BRDA:24,1,1,2
BRDA:26,2,0,5
BRDA:26,2,1,4
BRF:6
BRH:6
end_of_record
TN:
SF:src/prompts/system.ts
FNF:0
FNH:0
DA:1,2
LF:1
LH:1
BRF:0
BRH:0
end_of_record
TN:
SF:src/providers/anthropic.ts
FN:5,(anonymous_0)
FNF:1
FNH:1
FNDA:7,(anonymous_0)
DA:5,1
DA:6,7
LF:2
LH:2
BRDA:8,0,0,7
BRDA:8,0,1,6
BRDA:9,1,0,7
BRDA:9,1,1,6
BRDA:11,2,0,7
BRDA:11,2,1,6
BRF:6
BRH:6
end_of_record
TN:
SF:src/providers/factory.ts
FN:6,(anonymous_0)
FNF:1
FNH:1
FNDA:3,(anonymous_0)
DA:6,1
DA:7,3
DA:9,1
DA:11,1
DA:13,1
LF:5
LH:5
BRDA:7,0,0,1
BRDA:7,0,1,1
BRDA:7,0,2,1
BRF:3
BRH:3
end_of_record
TN:
SF:src/providers/openai.ts
FN:5,(anonymous_0)
FNF:1
FNH:1
FNDA:8,(anonymous_0)
DA:5,1
DA:6,8
LF:2
LH:2
BRDA:8,0,0,8
BRDA:8,0,1,7
BRDA:9,1,0,8
BRDA:9,1,1,7
BRDA:11,2,0,8
BRDA:11,2,1,7
BRF:6
BRH:6
end_of_record
TN:
SF:src/providers/types.ts
FN:47,(anonymous_0)
FNF:1
FNH:1
FNDA:5,(anonymous_0)
DA:20,3
DA:47,3
DA:48,5
DA:49,5
DA:50,4
DA:53,3
LF:6
LH:6
BRDA:49,0,0,1
BRDA:49,0,1,4
BRF:2
BRH:2
end_of_record
TN:
SF:src/rate-limit/concurrency.ts
FNF:0
FNH:0
DA:4,2
LF:1
LH:1
BRF:0
BRH:0
end_of_record
TN:
SF:src/rate-limit/sliding-window.ts
FN:18,(anonymous_0)
FN:22,(anonymous_1)
FN:25,(anonymous_2)
FN:36,(anonymous_3)
FN:40,(anonymous_4)
FN:57,(anonymous_5)
FNF:6
FNH:6
FNDA:8,(anonymous_0)
FNDA:2,(anonymous_1)
FNDA:2,(anonymous_2)
FNDA:19,(anonymous_3)
FNDA:13,(anonymous_4)
FNDA:8,(anonymous_5)
DA:18,1
DA:19,8
DA:20,8
DA:22,8
DA:23,2
DA:24,2
DA:25,2
DA:26,1
DA:31,8
DA:33,8
DA:35,8
DA:37,19
DA:38,19
DA:40,19
DA:41,19
DA:42,10
DA:44,9
DA:47,19
DA:48,5
DA:49,5
DA:52,14
DA:53,14
DA:54,14
DA:57,8
LF:24
LH:24
BRDA:25,0,0,1
BRDA:25,0,1,1
BRDA:40,1,0,19
BRDA:40,1,1,9
BRDA:41,2,0,10
BRDA:41,2,1,9
BRDA:47,3,0,5
BRDA:47,3,1,14
BRF:8
BRH:8
end_of_record
TN:
SF:src/streaming/runner.ts
FN:31,(anonymous_0)
FN:52,(anonymous_1)
FN:77,(anonymous_2)
FN:90,(anonymous_3)
FNF:4
FNH:4
FNDA:20,(anonymous_0)
FNDA:10,(anonymous_1)
FNDA:8,(anonymous_2)
FNDA:19,(anonymous_3)
DA:29,1
DA:31,1
DA:35,20
DA:36,20
DA:38,20
DA:43,20
DA:45,20
DA:48,20
DA:52,20
DA:53,10
DA:55,7
DA:57,1
DA:59,1
DA:61,1
DA:62,1
DA:67,20
DA:75,20
DA:78,8
DA:82,20
DA:89,20
DA:90,20
DA:91,19
DA:92,16
DA:94,16
DA:95,7
DA:96,7
DA:99,16
DA:100,16
DA:102,16
DA:103,16
DA:116,3
DA:117,3
DA:121,3
LF:33
LH:33
BRDA:35,0,0,20
BRDA:43,1,0,20
BRDA:43,1,1,16
BRDA:45,2,0,19
BRDA:45,2,1,1
BRDA:46,3,0,19
BRDA:46,3,1,18
BRDA:48,4,0,19
BRDA:48,4,1,1
BRDA:53,5,0,7
BRDA:53,5,1,1
BRDA:53,5,2,1
BRDA:53,5,3,1
BRDA:116,6,0,2
BRDA:116,6,1,1
BRF:15
BRH:15
end_of_record
TN:
SF:src/streaming/sse.ts
FN:4,(anonymous_0)
FN:7,(anonymous_1)
FN:10,(anonymous_2)
FN:13,(anonymous_3)
FN:16,(anonymous_4)
FN:18,(anonymous_5)
FN:24,(anonymous_6)
FN:26,(anonymous_7)
FN:28,(anonymous_8)
FNF:9
FNH:9
FNDA:18,(anonymous_0)
FNDA:2,(anonymous_1)
FNDA:2,(anonymous_2)
FNDA:2,(anonymous_3)
FNDA:4,(anonymous_4)
FNDA:2,(anonymous_5)
FNDA:2,(anonymous_6)
FNDA:2,(anonymous_7)
FNDA:2,(anonymous_8)
DA:4,1
DA:5,18
DA:7,1
DA:8,2
DA:10,1
DA:11,2
DA:13,1
DA:14,2
DA:16,4
DA:18,1
DA:22,2
DA:24,2
DA:26,2
DA:28,2
LF:14
LH:14
BRF:0
BRH:0
end_of_record
TN:
SF:src/tokens/counter.ts
FN:17,(anonymous_0)
FN:37,(anonymous_1)
FNF:2
FNH:2
FNDA:119,(anonymous_0)
FNDA:119,(anonymous_1)
DA:5,3
DA:15,3
DA:17,3
DA:18,119
DA:19,119
DA:20,119
DA:23,10
DA:24,3
DA:26,7
DA:27,7
DA:29,0
DA:33,10
DA:34,10
DA:37,3
DA:38,119
LF:15
LH:14
BRDA:18,0,0,83
BRDA:18,0,1,36
BRDA:18,1,0,119
BRDA:18,1,1,90
BRDA:20,2,0,109
BRDA:20,2,1,10
BRDA:23,3,0,3
BRDA:23,3,1,7
BRF:8
BRH:8
end_of_record
TN:
SF:src/tokens/window.ts
FN:13,(anonymous_0)
FN:17,(anonymous_1)
FN:35,(anonymous_2)
FN:58,(anonymous_3)
FNF:4
FNH:4
FNDA:42,(anonymous_0)
FNDA:7,(anonymous_1)
FNDA:28,(anonymous_2)
FNDA:22,(anonymous_3)
DA:13,2
DA:14,42
DA:15,7
DA:16,4
DA:18,7
DA:19,5
DA:20,2
DA:25,3
DA:26,2
DA:27,2
DA:30,1
DA:35,2
DA:36,28
DA:38,28
DA:42,28
DA:43,28
DA:45,24
DA:48,24
DA:49,20
DA:50,20
DA:51,17
DA:52,17
DA:55,24
DA:58,2
DA:59,22
LF:25
LH:25
BRDA:14,0,0,35
BRDA:14,0,1,7
BRDA:15,1,0,4
BRDA:15,1,1,3
BRDA:18,2,0,2
BRDA:18,2,1,5
BRDA:19,3,0,3
BRDA:19,3,1,2
BRDA:19,4,0,5
BRDA:19,4,1,5
BRDA:19,4,2,5
BRDA:25,5,0,2
BRDA:25,5,1,1
BRDA:25,6,0,3
BRDA:25,6,1,3
BRDA:25,6,2,3
BRDA:27,7,0,1
BRDA:27,7,1,1
BRDA:36,8,0,28
BRDA:36,9,0,28
BRDA:39,10,0,3
BRDA:39,10,1,25
BRDA:40,11,0,20
BRDA:40,11,1,8
BRDA:43,12,0,4
BRDA:43,12,1,24
BRDA:50,13,0,3
BRDA:50,13,1,17
BRF:28
BRH:28
end_of_record
